2022-02-07 14:42:24,320 [INFO] from play.api.http.EnabledFilters in play-dev-mode-akka.actor.default-dispatcher-6 - Enabled Filters (see <https://www.playframework.com/documentation/latest/Filters>):

    play.filters.csrf.CSRFFilter
    play.filters.headers.SecurityHeadersFilter
    play.filters.hosts.AllowedHostsFilter
    filters.ExampleFilter

2022-02-07 14:42:24,405 [INFO] from play.api.Play in play-dev-mode-akka.actor.default-dispatcher-6 - Application started (Dev) (no global state)
2022-02-07 14:42:24,521 [WARN] from play.api.mvc.DefaultJWTCookieDataCodec in application-akka.actor.default-dispatcher-5 - decode: cookie has invalid signature! message = JWT signature does not match locally computed signature. JWT validity cannot be asserted and should not be trusted.
2022-02-07 14:42:24,522 [INFO] from play.api.mvc.DefaultJWTCookieDataCodec in application-akka.actor.default-dispatcher-5 - The JWT signature in the cookie does not match the locally computed signature with the server. This usually indicates the browser has a leftover cookie from another Play application, so clearing cookies may resolve this error message.
2022-02-07 14:42:24,648 [WARN] from play.api.mvc.DefaultJWTCookieDataCodec in application-akka.actor.default-dispatcher-8 - decode: cookie has invalid signature! message = JWT signature does not match locally computed signature. JWT validity cannot be asserted and should not be trusted.
2022-02-07 14:42:24,649 [INFO] from play.api.mvc.DefaultJWTCookieDataCodec in application-akka.actor.default-dispatcher-8 - The JWT signature in the cookie does not match the locally computed signature with the server. This usually indicates the browser has a leftover cookie from another Play application, so clearing cookies may resolve this error message.
2022-02-07 14:42:24,649 [WARN] from play.api.mvc.DefaultJWTCookieDataCodec in application-akka.actor.default-dispatcher-5 - decode: cookie has invalid signature! message = JWT signature does not match locally computed signature. JWT validity cannot be asserted and should not be trusted.
2022-02-07 14:42:24,649 [INFO] from play.api.mvc.DefaultJWTCookieDataCodec in application-akka.actor.default-dispatcher-5 - The JWT signature in the cookie does not match the locally computed signature with the server. This usually indicates the browser has a leftover cookie from another Play application, so clearing cookies may resolve this error message.
2022-02-07 15:08:02,218 [INFO] from play.api.http.EnabledFilters in play-dev-mode-akka.actor.default-dispatcher-37 - Enabled Filters (see <https://www.playframework.com/documentation/latest/Filters>):

    play.filters.csrf.CSRFFilter
    play.filters.headers.SecurityHeadersFilter
    play.filters.hosts.AllowedHostsFilter
    filters.ExampleFilter

2022-02-07 15:08:02,228 [INFO] from play.api.Play in play-dev-mode-akka.actor.default-dispatcher-37 - Application started (Dev) (no global state)
2022-02-07 15:10:31,518 [INFO] from play.api.http.EnabledFilters in play-dev-mode-akka.actor.default-dispatcher-45 - Enabled Filters (see <https://www.playframework.com/documentation/latest/Filters>):

    play.filters.csrf.CSRFFilter
    play.filters.headers.SecurityHeadersFilter
    play.filters.hosts.AllowedHostsFilter
    filters.ExampleFilter

2022-02-07 15:10:31,522 [INFO] from play.api.Play in play-dev-mode-akka.actor.default-dispatcher-45 - Application started (Dev) (no global state)
2022-02-07 15:12:58,744 [INFO] from play.api.http.EnabledFilters in play-dev-mode-akka.actor.default-dispatcher-38 - Enabled Filters (see <https://www.playframework.com/documentation/latest/Filters>):

    play.filters.csrf.CSRFFilter
    play.filters.headers.SecurityHeadersFilter
    play.filters.hosts.AllowedHostsFilter
    filters.ExampleFilter

2022-02-07 15:12:58,749 [INFO] from play.api.Play in play-dev-mode-akka.actor.default-dispatcher-38 - Application started (Dev) (no global state)
2022-02-07 15:17:25,851 [INFO] from play.api.http.EnabledFilters in play-dev-mode-akka.actor.default-dispatcher-45 - Enabled Filters (see <https://www.playframework.com/documentation/latest/Filters>):

    play.filters.csrf.CSRFFilter
    play.filters.headers.SecurityHeadersFilter
    play.filters.hosts.AllowedHostsFilter
    filters.ExampleFilter

2022-02-07 15:17:25,855 [INFO] from play.api.Play in play-dev-mode-akka.actor.default-dispatcher-45 - Application started (Dev) (no global state)
2022-02-07 15:17:59,285 [INFO] from play.api.http.EnabledFilters in play-dev-mode-akka.actor.default-dispatcher-59 - Enabled Filters (see <https://www.playframework.com/documentation/latest/Filters>):

    play.filters.csrf.CSRFFilter
    play.filters.headers.SecurityHeadersFilter
    play.filters.hosts.AllowedHostsFilter
    filters.ExampleFilter

2022-02-07 15:17:59,288 [INFO] from play.api.Play in play-dev-mode-akka.actor.default-dispatcher-59 - Application started (Dev) (no global state)
2022-02-07 15:20:04,912 [INFO] from play.api.http.EnabledFilters in play-dev-mode-akka.actor.default-dispatcher-37 - Enabled Filters (see <https://www.playframework.com/documentation/latest/Filters>):

    play.filters.csrf.CSRFFilter
    play.filters.headers.SecurityHeadersFilter
    play.filters.hosts.AllowedHostsFilter
    filters.ExampleFilter

2022-02-07 15:20:04,916 [INFO] from play.api.Play in play-dev-mode-akka.actor.default-dispatcher-37 - Application started (Dev) (no global state)
2022-02-07 15:24:21,655 [INFO] from play.api.http.EnabledFilters in play-dev-mode-akka.actor.default-dispatcher-59 - Enabled Filters (see <https://www.playframework.com/documentation/latest/Filters>):

    play.filters.csrf.CSRFFilter
    play.filters.headers.SecurityHeadersFilter
    play.filters.hosts.AllowedHostsFilter
    filters.ExampleFilter

2022-02-07 15:24:21,659 [INFO] from play.api.Play in play-dev-mode-akka.actor.default-dispatcher-59 - Application started (Dev) (no global state)
2022-02-07 15:31:35,460 [INFO] from play.api.http.EnabledFilters in play-dev-mode-akka.actor.default-dispatcher-34 - Enabled Filters (see <https://www.playframework.com/documentation/latest/Filters>):

    play.filters.csrf.CSRFFilter
    play.filters.headers.SecurityHeadersFilter
    play.filters.hosts.AllowedHostsFilter
    filters.ExampleFilter

2022-02-07 15:31:35,463 [INFO] from play.api.Play in play-dev-mode-akka.actor.default-dispatcher-34 - Application started (Dev) (no global state)
2022-02-07 15:37:06,366 [INFO] from play.api.http.EnabledFilters in play-dev-mode-akka.actor.default-dispatcher-74 - Enabled Filters (see <https://www.playframework.com/documentation/latest/Filters>):

    play.filters.csrf.CSRFFilter
    play.filters.headers.SecurityHeadersFilter
    play.filters.hosts.AllowedHostsFilter
    filters.ExampleFilter

2022-02-07 15:37:06,369 [INFO] from play.api.Play in play-dev-mode-akka.actor.default-dispatcher-74 - Application started (Dev) (no global state)
2022-02-07 15:38:27,700 [INFO] from play.api.http.EnabledFilters in play-dev-mode-akka.actor.default-dispatcher-83 - Enabled Filters (see <https://www.playframework.com/documentation/latest/Filters>):

    play.filters.csrf.CSRFFilter
    play.filters.headers.SecurityHeadersFilter
    play.filters.hosts.AllowedHostsFilter
    filters.ExampleFilter

2022-02-07 15:38:27,703 [INFO] from play.api.Play in play-dev-mode-akka.actor.default-dispatcher-83 - Application started (Dev) (no global state)
2022-02-07 15:38:37,300 [INFO] from play.api.http.EnabledFilters in play-dev-mode-akka.actor.default-dispatcher-81 - Enabled Filters (see <https://www.playframework.com/documentation/latest/Filters>):

    play.filters.csrf.CSRFFilter
    play.filters.headers.SecurityHeadersFilter
    play.filters.hosts.AllowedHostsFilter
    filters.ExampleFilter

2022-02-07 15:38:37,303 [INFO] from play.api.Play in play-dev-mode-akka.actor.default-dispatcher-81 - Application started (Dev) (no global state)
2022-02-07 15:38:43,027 [INFO] from play.api.http.EnabledFilters in play-dev-mode-akka.actor.default-dispatcher-81 - Enabled Filters (see <https://www.playframework.com/documentation/latest/Filters>):

    play.filters.csrf.CSRFFilter
    play.filters.headers.SecurityHeadersFilter
    play.filters.hosts.AllowedHostsFilter
    filters.ExampleFilter

2022-02-07 15:38:43,031 [INFO] from play.api.Play in play-dev-mode-akka.actor.default-dispatcher-81 - Application started (Dev) (no global state)
2022-02-07 15:38:47,080 [INFO] from play.api.http.EnabledFilters in play-dev-mode-akka.actor.default-dispatcher-82 - Enabled Filters (see <https://www.playframework.com/documentation/latest/Filters>):

    play.filters.csrf.CSRFFilter
    play.filters.headers.SecurityHeadersFilter
    play.filters.hosts.AllowedHostsFilter
    filters.ExampleFilter

2022-02-07 15:38:47,083 [INFO] from play.api.Play in play-dev-mode-akka.actor.default-dispatcher-82 - Application started (Dev) (no global state)
2022-02-07 15:38:50,994 [INFO] from play.api.http.EnabledFilters in play-dev-mode-akka.actor.default-dispatcher-83 - Enabled Filters (see <https://www.playframework.com/documentation/latest/Filters>):

    play.filters.csrf.CSRFFilter
    play.filters.headers.SecurityHeadersFilter
    play.filters.hosts.AllowedHostsFilter
    filters.ExampleFilter

2022-02-07 15:38:50,996 [INFO] from play.api.Play in play-dev-mode-akka.actor.default-dispatcher-83 - Application started (Dev) (no global state)
2022-02-07 15:39:12,005 [INFO] from play.api.http.EnabledFilters in play-dev-mode-akka.actor.default-dispatcher-72 - Enabled Filters (see <https://www.playframework.com/documentation/latest/Filters>):

    play.filters.csrf.CSRFFilter
    play.filters.headers.SecurityHeadersFilter
    play.filters.hosts.AllowedHostsFilter
    filters.ExampleFilter

2022-02-07 15:39:12,008 [INFO] from play.api.Play in play-dev-mode-akka.actor.default-dispatcher-72 - Application started (Dev) (no global state)
2022-02-07 15:40:19,615 [INFO] from play.api.http.EnabledFilters in play-dev-mode-akka.actor.default-dispatcher-82 - Enabled Filters (see <https://www.playframework.com/documentation/latest/Filters>):

    play.filters.csrf.CSRFFilter
    play.filters.headers.SecurityHeadersFilter
    play.filters.hosts.AllowedHostsFilter
    filters.ExampleFilter

2022-02-07 15:40:19,617 [INFO] from play.api.Play in play-dev-mode-akka.actor.default-dispatcher-82 - Application started (Dev) (no global state)
2022-02-07 15:41:59,768 [INFO] from play.api.http.EnabledFilters in play-dev-mode-akka.actor.default-dispatcher-83 - Enabled Filters (see <https://www.playframework.com/documentation/latest/Filters>):

    play.filters.csrf.CSRFFilter
    play.filters.headers.SecurityHeadersFilter
    play.filters.hosts.AllowedHostsFilter
    filters.ExampleFilter

2022-02-07 15:41:59,771 [INFO] from play.api.Play in play-dev-mode-akka.actor.default-dispatcher-83 - Application started (Dev) (no global state)
2022-02-07 15:42:44,453 [INFO] from play.api.http.EnabledFilters in play-dev-mode-akka.actor.default-dispatcher-82 - Enabled Filters (see <https://www.playframework.com/documentation/latest/Filters>):

    play.filters.csrf.CSRFFilter
    play.filters.headers.SecurityHeadersFilter
    play.filters.hosts.AllowedHostsFilter
    filters.ExampleFilter

2022-02-07 15:42:44,455 [INFO] from play.api.Play in play-dev-mode-akka.actor.default-dispatcher-82 - Application started (Dev) (no global state)
2022-02-07 15:44:36,807 [INFO] from play.api.http.EnabledFilters in play-dev-mode-akka.actor.default-dispatcher-72 - Enabled Filters (see <https://www.playframework.com/documentation/latest/Filters>):

    play.filters.csrf.CSRFFilter
    play.filters.headers.SecurityHeadersFilter
    play.filters.hosts.AllowedHostsFilter
    filters.ExampleFilter

2022-02-07 15:44:36,810 [INFO] from play.api.Play in play-dev-mode-akka.actor.default-dispatcher-72 - Application started (Dev) (no global state)
2022-02-07 15:45:02,797 [INFO] from play.api.http.EnabledFilters in play-dev-mode-akka.actor.default-dispatcher-72 - Enabled Filters (see <https://www.playframework.com/documentation/latest/Filters>):

    play.filters.csrf.CSRFFilter
    play.filters.headers.SecurityHeadersFilter
    play.filters.hosts.AllowedHostsFilter
    filters.ExampleFilter

2022-02-07 15:45:02,800 [INFO] from play.api.Play in play-dev-mode-akka.actor.default-dispatcher-72 - Application started (Dev) (no global state)
2022-02-07 15:45:20,349 [INFO] from play.api.http.EnabledFilters in play-dev-mode-akka.actor.default-dispatcher-81 - Enabled Filters (see <https://www.playframework.com/documentation/latest/Filters>):

    play.filters.csrf.CSRFFilter
    play.filters.headers.SecurityHeadersFilter
    play.filters.hosts.AllowedHostsFilter
    filters.ExampleFilter

2022-02-07 15:45:20,351 [INFO] from play.api.Play in play-dev-mode-akka.actor.default-dispatcher-81 - Application started (Dev) (no global state)
2022-02-07 15:47:05,936 [INFO] from play.api.http.EnabledFilters in play-dev-mode-akka.actor.default-dispatcher-82 - Enabled Filters (see <https://www.playframework.com/documentation/latest/Filters>):

    play.filters.csrf.CSRFFilter
    play.filters.headers.SecurityHeadersFilter
    play.filters.hosts.AllowedHostsFilter
    filters.ExampleFilter

2022-02-07 15:47:05,938 [INFO] from play.api.Play in play-dev-mode-akka.actor.default-dispatcher-82 - Application started (Dev) (no global state)
2022-02-07 15:48:44,677 [INFO] from play.api.http.EnabledFilters in play-dev-mode-akka.actor.default-dispatcher-74 - Enabled Filters (see <https://www.playframework.com/documentation/latest/Filters>):

    play.filters.csrf.CSRFFilter
    play.filters.headers.SecurityHeadersFilter
    play.filters.hosts.AllowedHostsFilter
    filters.ExampleFilter

2022-02-07 15:48:44,679 [INFO] from play.api.Play in play-dev-mode-akka.actor.default-dispatcher-74 - Application started (Dev) (no global state)
2022-02-07 15:50:57,875 [INFO] from play.api.http.EnabledFilters in play-dev-mode-akka.actor.default-dispatcher-80 - Enabled Filters (see <https://www.playframework.com/documentation/latest/Filters>):

    play.filters.csrf.CSRFFilter
    play.filters.headers.SecurityHeadersFilter
    play.filters.hosts.AllowedHostsFilter
    filters.ExampleFilter

2022-02-07 15:50:57,877 [INFO] from play.api.Play in play-dev-mode-akka.actor.default-dispatcher-80 - Application started (Dev) (no global state)
2022-02-07 15:51:14,420 [INFO] from play.api.http.EnabledFilters in play-dev-mode-akka.actor.default-dispatcher-72 - Enabled Filters (see <https://www.playframework.com/documentation/latest/Filters>):

    play.filters.csrf.CSRFFilter
    play.filters.headers.SecurityHeadersFilter
    play.filters.hosts.AllowedHostsFilter
    filters.ExampleFilter

2022-02-07 15:51:14,422 [INFO] from play.api.Play in play-dev-mode-akka.actor.default-dispatcher-72 - Application started (Dev) (no global state)
2022-02-07 15:52:51,537 [INFO] from play.api.http.EnabledFilters in play-dev-mode-akka.actor.default-dispatcher-82 - Enabled Filters (see <https://www.playframework.com/documentation/latest/Filters>):

    play.filters.csrf.CSRFFilter
    play.filters.headers.SecurityHeadersFilter
    play.filters.hosts.AllowedHostsFilter
    filters.ExampleFilter

2022-02-07 15:52:51,539 [INFO] from play.api.Play in play-dev-mode-akka.actor.default-dispatcher-82 - Application started (Dev) (no global state)
2022-02-07 15:53:09,717 [INFO] from play.api.http.EnabledFilters in play-dev-mode-akka.actor.default-dispatcher-80 - Enabled Filters (see <https://www.playframework.com/documentation/latest/Filters>):

    play.filters.csrf.CSRFFilter
    play.filters.headers.SecurityHeadersFilter
    play.filters.hosts.AllowedHostsFilter
    filters.ExampleFilter

2022-02-07 15:53:09,719 [INFO] from play.api.Play in play-dev-mode-akka.actor.default-dispatcher-80 - Application started (Dev) (no global state)
2022-02-07 15:53:46,645 [INFO] from play.api.http.EnabledFilters in play-dev-mode-akka.actor.default-dispatcher-82 - Enabled Filters (see <https://www.playframework.com/documentation/latest/Filters>):

    play.filters.csrf.CSRFFilter
    play.filters.headers.SecurityHeadersFilter
    play.filters.hosts.AllowedHostsFilter
    filters.ExampleFilter

2022-02-07 15:53:46,647 [INFO] from play.api.Play in play-dev-mode-akka.actor.default-dispatcher-82 - Application started (Dev) (no global state)
2022-02-07 15:53:55,928 [INFO] from play.api.http.EnabledFilters in play-dev-mode-akka.actor.default-dispatcher-72 - Enabled Filters (see <https://www.playframework.com/documentation/latest/Filters>):

    play.filters.csrf.CSRFFilter
    play.filters.headers.SecurityHeadersFilter
    play.filters.hosts.AllowedHostsFilter
    filters.ExampleFilter

2022-02-07 15:53:55,930 [INFO] from play.api.Play in play-dev-mode-akka.actor.default-dispatcher-72 - Application started (Dev) (no global state)
2022-02-07 15:56:15,617 [INFO] from play.api.http.EnabledFilters in play-dev-mode-akka.actor.default-dispatcher-83 - Enabled Filters (see <https://www.playframework.com/documentation/latest/Filters>):

    play.filters.csrf.CSRFFilter
    play.filters.headers.SecurityHeadersFilter
    play.filters.hosts.AllowedHostsFilter
    filters.ExampleFilter

2022-02-07 15:56:15,619 [INFO] from play.api.Play in play-dev-mode-akka.actor.default-dispatcher-83 - Application started (Dev) (no global state)
2022-02-07 16:01:38,388 [INFO] from play.api.http.EnabledFilters in play-dev-mode-akka.actor.default-dispatcher-83 - Enabled Filters (see <https://www.playframework.com/documentation/latest/Filters>):

    play.filters.csrf.CSRFFilter
    play.filters.headers.SecurityHeadersFilter
    play.filters.hosts.AllowedHostsFilter
    filters.ExampleFilter

2022-02-07 16:01:38,390 [INFO] from play.api.Play in play-dev-mode-akka.actor.default-dispatcher-83 - Application started (Dev) (no global state)
2022-02-07 16:04:20,288 [INFO] from play.api.http.EnabledFilters in play-dev-mode-akka.actor.default-dispatcher-103 - Enabled Filters (see <https://www.playframework.com/documentation/latest/Filters>):

    play.filters.csrf.CSRFFilter
    play.filters.headers.SecurityHeadersFilter
    play.filters.hosts.AllowedHostsFilter
    filters.ExampleFilter

2022-02-07 16:04:20,290 [INFO] from play.api.Play in play-dev-mode-akka.actor.default-dispatcher-103 - Application started (Dev) (no global state)
2022-02-07 16:08:30,146 [INFO] from play.api.http.EnabledFilters in play-dev-mode-akka.actor.default-dispatcher-83 - Enabled Filters (see <https://www.playframework.com/documentation/latest/Filters>):

    play.filters.csrf.CSRFFilter
    play.filters.headers.SecurityHeadersFilter
    play.filters.hosts.AllowedHostsFilter
    filters.ExampleFilter

2022-02-07 16:08:30,148 [INFO] from play.api.Play in play-dev-mode-akka.actor.default-dispatcher-83 - Application started (Dev) (no global state)
2022-02-07 16:10:37,040 [INFO] from play.api.http.EnabledFilters in play-dev-mode-akka.actor.default-dispatcher-106 - Enabled Filters (see <https://www.playframework.com/documentation/latest/Filters>):

    play.filters.csrf.CSRFFilter
    play.filters.headers.SecurityHeadersFilter
    play.filters.hosts.AllowedHostsFilter
    filters.ExampleFilter

2022-02-07 16:10:37,042 [INFO] from play.api.Play in play-dev-mode-akka.actor.default-dispatcher-106 - Application started (Dev) (no global state)
2022-02-07 16:10:57,724 [INFO] from play.api.http.EnabledFilters in play-dev-mode-akka.actor.default-dispatcher-101 - Enabled Filters (see <https://www.playframework.com/documentation/latest/Filters>):

    play.filters.csrf.CSRFFilter
    play.filters.headers.SecurityHeadersFilter
    play.filters.hosts.AllowedHostsFilter
    filters.ExampleFilter

2022-02-07 16:10:57,727 [INFO] from play.api.Play in play-dev-mode-akka.actor.default-dispatcher-101 - Application started (Dev) (no global state)
2022-02-07 16:11:03,591 [INFO] from play.api.http.EnabledFilters in play-dev-mode-akka.actor.default-dispatcher-106 - Enabled Filters (see <https://www.playframework.com/documentation/latest/Filters>):

    play.filters.csrf.CSRFFilter
    play.filters.headers.SecurityHeadersFilter
    play.filters.hosts.AllowedHostsFilter
    filters.ExampleFilter

2022-02-07 16:11:03,593 [INFO] from play.api.Play in play-dev-mode-akka.actor.default-dispatcher-106 - Application started (Dev) (no global state)
2022-02-07 16:12:09,540 [INFO] from play.api.http.EnabledFilters in play-dev-mode-akka.actor.default-dispatcher-101 - Enabled Filters (see <https://www.playframework.com/documentation/latest/Filters>):

    play.filters.csrf.CSRFFilter
    play.filters.headers.SecurityHeadersFilter
    play.filters.hosts.AllowedHostsFilter
    filters.ExampleFilter

2022-02-07 16:12:09,542 [INFO] from play.api.Play in play-dev-mode-akka.actor.default-dispatcher-101 - Application started (Dev) (no global state)
2022-02-07 16:12:52,538 [INFO] from play.api.http.EnabledFilters in play-dev-mode-akka.actor.default-dispatcher-101 - Enabled Filters (see <https://www.playframework.com/documentation/latest/Filters>):

    play.filters.csrf.CSRFFilter
    play.filters.headers.SecurityHeadersFilter
    play.filters.hosts.AllowedHostsFilter
    filters.ExampleFilter

2022-02-07 16:12:52,540 [INFO] from play.api.Play in play-dev-mode-akka.actor.default-dispatcher-101 - Application started (Dev) (no global state)
2022-02-07 16:13:23,606 [INFO] from play.api.http.EnabledFilters in play-dev-mode-akka.actor.default-dispatcher-106 - Enabled Filters (see <https://www.playframework.com/documentation/latest/Filters>):

    play.filters.csrf.CSRFFilter
    play.filters.headers.SecurityHeadersFilter
    play.filters.hosts.AllowedHostsFilter
    filters.ExampleFilter

2022-02-07 16:13:23,608 [INFO] from play.api.Play in play-dev-mode-akka.actor.default-dispatcher-106 - Application started (Dev) (no global state)
2022-02-07 16:13:37,586 [INFO] from play.api.http.EnabledFilters in play-dev-mode-akka.actor.default-dispatcher-100 - Enabled Filters (see <https://www.playframework.com/documentation/latest/Filters>):

    play.filters.csrf.CSRFFilter
    play.filters.headers.SecurityHeadersFilter
    play.filters.hosts.AllowedHostsFilter
    filters.ExampleFilter

2022-02-07 16:13:37,588 [INFO] from play.api.Play in play-dev-mode-akka.actor.default-dispatcher-100 - Application started (Dev) (no global state)
2022-02-07 16:17:44,221 [INFO] from play.api.http.EnabledFilters in play-dev-mode-akka.actor.default-dispatcher-125 - Enabled Filters (see <https://www.playframework.com/documentation/latest/Filters>):

    play.filters.csrf.CSRFFilter
    play.filters.headers.SecurityHeadersFilter
    play.filters.hosts.AllowedHostsFilter
    filters.ExampleFilter

2022-02-07 16:17:44,223 [INFO] from play.api.Play in play-dev-mode-akka.actor.default-dispatcher-125 - Application started (Dev) (no global state)
2022-02-07 16:20:03,887 [INFO] from play.api.http.EnabledFilters in play-dev-mode-akka.actor.default-dispatcher-126 - Enabled Filters (see <https://www.playframework.com/documentation/latest/Filters>):

    play.filters.csrf.CSRFFilter
    play.filters.headers.SecurityHeadersFilter
    play.filters.hosts.AllowedHostsFilter
    filters.ExampleFilter

2022-02-07 16:20:03,889 [INFO] from play.api.Play in play-dev-mode-akka.actor.default-dispatcher-126 - Application started (Dev) (no global state)
2022-02-07 16:20:23,862 [INFO] from play.api.http.EnabledFilters in play-dev-mode-akka.actor.default-dispatcher-83 - Enabled Filters (see <https://www.playframework.com/documentation/latest/Filters>):

    play.filters.csrf.CSRFFilter
    play.filters.headers.SecurityHeadersFilter
    play.filters.hosts.AllowedHostsFilter
    filters.ExampleFilter

2022-02-07 16:20:23,864 [INFO] from play.api.Play in play-dev-mode-akka.actor.default-dispatcher-83 - Application started (Dev) (no global state)
2022-02-07 16:27:35,029 [INFO] from play.api.http.EnabledFilters in play-dev-mode-akka.actor.default-dispatcher-83 - Enabled Filters (see <https://www.playframework.com/documentation/latest/Filters>):

    play.filters.csrf.CSRFFilter
    play.filters.headers.SecurityHeadersFilter
    play.filters.hosts.AllowedHostsFilter
    filters.ExampleFilter

2022-02-07 16:27:35,031 [INFO] from play.api.Play in play-dev-mode-akka.actor.default-dispatcher-83 - Application started (Dev) (no global state)
2022-02-07 16:29:50,653 [INFO] from play.api.http.EnabledFilters in play-dev-mode-akka.actor.default-dispatcher-103 - Enabled Filters (see <https://www.playframework.com/documentation/latest/Filters>):

    play.filters.csrf.CSRFFilter
    play.filters.headers.SecurityHeadersFilter
    play.filters.hosts.AllowedHostsFilter
    filters.ExampleFilter

2022-02-07 16:29:50,655 [INFO] from play.api.Play in play-dev-mode-akka.actor.default-dispatcher-103 - Application started (Dev) (no global state)
2022-02-07 17:09:08,248 [INFO] from play.api.http.EnabledFilters in play-dev-mode-akka.actor.default-dispatcher-40 - Enabled Filters (see <https://www.playframework.com/documentation/latest/Filters>):

    play.filters.csrf.CSRFFilter
    play.filters.headers.SecurityHeadersFilter
    play.filters.hosts.AllowedHostsFilter
    filters.ExampleFilter

2022-02-07 17:09:08,250 [INFO] from play.api.Play in play-dev-mode-akka.actor.default-dispatcher-40 - Application started (Dev) (no global state)
2022-02-07 17:11:58,948 [INFO] from play.api.http.EnabledFilters in play-dev-mode-akka.actor.default-dispatcher-293 - Enabled Filters (see <https://www.playframework.com/documentation/latest/Filters>):

    play.filters.csrf.CSRFFilter
    play.filters.headers.SecurityHeadersFilter
    play.filters.hosts.AllowedHostsFilter
    filters.ExampleFilter

2022-02-07 17:11:58,950 [INFO] from play.api.Play in play-dev-mode-akka.actor.default-dispatcher-293 - Application started (Dev) (no global state)
2022-02-07 17:12:13,632 [INFO] from play.api.http.EnabledFilters in play-dev-mode-akka.actor.default-dispatcher-296 - Enabled Filters (see <https://www.playframework.com/documentation/latest/Filters>):

    play.filters.csrf.CSRFFilter
    play.filters.headers.SecurityHeadersFilter
    play.filters.hosts.AllowedHostsFilter
    filters.ExampleFilter

2022-02-07 17:12:13,634 [INFO] from play.api.Play in play-dev-mode-akka.actor.default-dispatcher-296 - Application started (Dev) (no global state)
2022-02-07 17:14:40,720 [INFO] from play.api.http.EnabledFilters in play-dev-mode-akka.actor.default-dispatcher-294 - Enabled Filters (see <https://www.playframework.com/documentation/latest/Filters>):

    play.filters.csrf.CSRFFilter
    play.filters.headers.SecurityHeadersFilter
    play.filters.hosts.AllowedHostsFilter
    filters.ExampleFilter

2022-02-07 17:14:40,723 [INFO] from play.api.Play in play-dev-mode-akka.actor.default-dispatcher-294 - Application started (Dev) (no global state)
2022-02-07 17:17:08,887 [INFO] from play.api.http.EnabledFilters in play-dev-mode-akka.actor.default-dispatcher-295 - Enabled Filters (see <https://www.playframework.com/documentation/latest/Filters>):

    play.filters.csrf.CSRFFilter
    play.filters.headers.SecurityHeadersFilter
    play.filters.hosts.AllowedHostsFilter
    filters.ExampleFilter

2022-02-07 17:17:08,889 [INFO] from play.api.Play in play-dev-mode-akka.actor.default-dispatcher-295 - Application started (Dev) (no global state)
2022-02-07 17:40:13,530 [INFO] from play.api.http.EnabledFilters in play-dev-mode-akka.actor.default-dispatcher-290 - Enabled Filters (see <https://www.playframework.com/documentation/latest/Filters>):

    play.filters.csrf.CSRFFilter
    play.filters.headers.SecurityHeadersFilter
    play.filters.hosts.AllowedHostsFilter
    filters.ExampleFilter

2022-02-07 17:40:13,533 [INFO] from play.api.Play in play-dev-mode-akka.actor.default-dispatcher-290 - Application started (Dev) (no global state)
2022-02-07 17:43:08,153 [INFO] from play.api.http.EnabledFilters in play-dev-mode-akka.actor.default-dispatcher-316 - Enabled Filters (see <https://www.playframework.com/documentation/latest/Filters>):

    play.filters.csrf.CSRFFilter
    play.filters.headers.SecurityHeadersFilter
    play.filters.hosts.AllowedHostsFilter
    filters.ExampleFilter

2022-02-07 17:43:08,155 [INFO] from play.api.Play in play-dev-mode-akka.actor.default-dispatcher-316 - Application started (Dev) (no global state)
2022-02-07 17:43:49,266 [INFO] from play.api.http.EnabledFilters in play-dev-mode-akka.actor.default-dispatcher-290 - Enabled Filters (see <https://www.playframework.com/documentation/latest/Filters>):

    play.filters.csrf.CSRFFilter
    play.filters.headers.SecurityHeadersFilter
    play.filters.hosts.AllowedHostsFilter
    filters.ExampleFilter

2022-02-07 17:43:49,268 [INFO] from play.api.Play in play-dev-mode-akka.actor.default-dispatcher-290 - Application started (Dev) (no global state)
2022-02-07 17:45:40,357 [INFO] from play.api.http.EnabledFilters in play-dev-mode-akka.actor.default-dispatcher-315 - Enabled Filters (see <https://www.playframework.com/documentation/latest/Filters>):

    play.filters.csrf.CSRFFilter
    play.filters.headers.SecurityHeadersFilter
    play.filters.hosts.AllowedHostsFilter
    filters.ExampleFilter

2022-02-07 17:45:40,359 [INFO] from play.api.Play in play-dev-mode-akka.actor.default-dispatcher-315 - Application started (Dev) (no global state)
2022-02-07 17:45:59,996 [INFO] from play.api.http.EnabledFilters in play-dev-mode-akka.actor.default-dispatcher-290 - Enabled Filters (see <https://www.playframework.com/documentation/latest/Filters>):

    play.filters.csrf.CSRFFilter
    play.filters.headers.SecurityHeadersFilter
    play.filters.hosts.AllowedHostsFilter
    filters.ExampleFilter

2022-02-07 17:45:59,998 [INFO] from play.api.Play in play-dev-mode-akka.actor.default-dispatcher-290 - Application started (Dev) (no global state)
